#
# There is insufficient memory for the Java Runtime Environment to continue.
# Native memory allocation (mmap) failed to map 61865984 bytes. Error detail: G1 virtual space
# Possible reasons:
#   The system is out of physical RAM or swap space
#   This process is running with CompressedOops enabled, and the Java Heap may be blocking the growth of the native heap
# Possible solutions:
#   Reduce memory load on the system
#   Increase physical memory or swap space
#   Check if swap backing store is full
#   Decrease Java heap size (-Xmx/-Xms)
#   Decrease number of Java threads
#   Decrease Java thread stack sizes (-Xss)
#   Set larger code cache with -XX:ReservedCodeCacheSize=
#   JVM is running with Unscaled Compressed Oops mode in which the Java heap is
#     placed in the first 4GB address space. The Java Heap base address is the
#     maximum limit for the native heap growth. Please use -XX:HeapBaseMinAddress
#     to set the Java Heap base and to place the Java Heap above 4GB virtual address.
# This output file may be truncated or incomplete.
#
#  Out of Memory Error (os_windows.cpp:3631), pid=11232, tid=17040
#
# JRE version: Java(TM) SE Runtime Environment (22.0.2+9) (build 22.0.2+9-70)
# Java VM: Java HotSpot(TM) 64-Bit Server VM (22.0.2+9-70, mixed mode, sharing, tiered, compressed oops, compressed class ptrs, g1 gc, windows-amd64)
# No core dump will be written. Minidumps are not enabled by default on client versions of Windows
#

---------------  S U M M A R Y ------------

Command Line: com.mycompany.menuprodutos.MenuProdutos

Host: Intel(R) Core(TM) i3-6006U CPU @ 2.00GHz, 4 cores, 3G,  Windows 10 , 64 bit Build 19041 (10.0.19041.5915)
Time: Sat Nov 22 14:19:17 2025 Hora oficial do Brasil elapsed time: 9.967862 seconds (0d 0h 0m 9s)

---------------  T H R E A D  ---------------

Current thread (0x000001cf6532b0c0):  VMThread "VM Thread"          [id=17040, stack(0x0000009eb4600000,0x0000009eb4700000) (1024K)]

Stack: [0x0000009eb4600000,0x0000009eb4700000]
Native frames: (J=compiled Java code, j=interpreted, Vv=VM code, C=native code)
V  [jvm.dll+0x6e26e9]  (no source info available)
V  [jvm.dll+0x875753]  (no source info available)
V  [jvm.dll+0x877b7e]  (no source info available)
V  [jvm.dll+0x878253]  (no source info available)
V  [jvm.dll+0x27fc86]  (no source info available)
V  [jvm.dll+0x6ded85]  (no source info available)
V  [jvm.dll+0x6d388a]  (no source info available)
V  [jvm.dll+0x358b8a]  (no source info available)
V  [jvm.dll+0x3610b6]  (no source info available)
V  [jvm.dll+0x3b419e]  (no source info available)
V  [jvm.dll+0x3b4448]  (no source info available)
V  [jvm.dll+0x32c5ec]  (no source info available)
V  [jvm.dll+0x32f036]  (no source info available)
V  [jvm.dll+0x339371]  (no source info available)
V  [jvm.dll+0x370515]  (no source info available)
V  [jvm.dll+0x87e0f0]  (no source info available)
V  [jvm.dll+0x87f477]  (no source info available)
V  [jvm.dll+0x87f9f0]  (no source info available)
V  [jvm.dll+0x87fc93]  (no source info available)
V  [jvm.dll+0x81dc0b]  (no source info available)
V  [jvm.dll+0x6e0d85]  (no source info available)
C  [ucrtbase.dll+0x21bb2]  (no source info available)
C  [KERNEL32.DLL+0x17374]  (no source info available)
C  [ntdll.dll+0x4cc91]  (no source info available)

VM_Operation (0x0000009eb41ff5f0): G1PauseRemark, mode: safepoint, requested by thread 0x000001cf652a35d0


---------------  P R O C E S S  ---------------

Threads class SMR info:
_java_thread_list=0x000001cf46e14cf0, length=18, elements={
0x000001cf41134910, 0x000001cf41137250, 0x000001cf41139eb0, 0x000001cf4113a520,
0x000001cf4113d340, 0x000001cf41144180, 0x000001cf411452c0, 0x000001cf411716e0,
0x000001cf413c9260, 0x000001cf413de140, 0x000001cf415ce9e0, 0x000001cf415d04a0,
0x000001cf415d5750, 0x000001cf415d8a20, 0x000001cf63170740, 0x000001cf4165eec0,
0x000001cf46c4d4c0, 0x000001cf46e5d560
}

Java Threads: ( => current thread )
  0x000001cf41134910 JavaThread "Reference Handler"          daemon [_thread_blocked, id=19224, stack(0x0000009eb4700000,0x0000009eb4800000) (1024K)]
  0x000001cf41137250 JavaThread "Finalizer"                  daemon [_thread_blocked, id=19156, stack(0x0000009eb4800000,0x0000009eb4900000) (1024K)]
  0x000001cf41139eb0 JavaThread "Signal Dispatcher"          daemon [_thread_blocked, id=9368, stack(0x0000009eb4900000,0x0000009eb4a00000) (1024K)]
  0x000001cf4113a520 JavaThread "Attach Listener"            daemon [_thread_blocked, id=16208, stack(0x0000009eb4a00000,0x0000009eb4b00000) (1024K)]
  0x000001cf4113d340 JavaThread "Service Thread"             daemon [_thread_blocked, id=18800, stack(0x0000009eb4b00000,0x0000009eb4c00000) (1024K)]
  0x000001cf41144180 JavaThread "Monitor Deflation Thread"   daemon [_thread_blocked, id=3032, stack(0x0000009eb4c00000,0x0000009eb4d00000) (1024K)]
  0x000001cf411452c0 JavaThread "C2 CompilerThread0"         daemon [_thread_blocked, id=19212, stack(0x0000009eb4d00000,0x0000009eb4e00000) (1024K)]
  0x000001cf411716e0 JavaThread "C1 CompilerThread0"         daemon [_thread_blocked, id=19160, stack(0x0000009eb4e00000,0x0000009eb4f00000) (1024K)]
  0x000001cf413c9260 JavaThread "Notification Thread"        daemon [_thread_blocked, id=2212, stack(0x0000009eb4f00000,0x0000009eb5000000) (1024K)]
  0x000001cf413de140 JavaThread "Common-Cleaner"             daemon [_thread_blocked, id=8112, stack(0x0000009eb5000000,0x0000009eb5100000) (1024K)]
  0x000001cf415ce9e0 JavaThread "Java2D Disposer"            daemon [_thread_blocked, id=1764, stack(0x0000009eb5100000,0x0000009eb5200000) (1024K)]
  0x000001cf415d04a0 JavaThread "AWT-Shutdown"                      [_thread_blocked, id=13392, stack(0x0000009eb5200000,0x0000009eb5300000) (1024K)]
  0x000001cf415d5750 JavaThread "AWT-Windows"                daemon [_thread_in_native, id=10236, stack(0x0000009eb5300000,0x0000009eb5400000) (1024K)]
  0x000001cf415d8a20 JavaThread "AWT-EventQueue-0"                  [_thread_blocked, id=3460, stack(0x0000009eb5400000,0x0000009eb5500000) (1024K)]
  0x000001cf63170740 JavaThread "DestroyJavaVM"                     [_thread_blocked, id=11732, stack(0x0000009eb3f00000,0x0000009eb4000000) (1024K)]
  0x000001cf4165eec0 JavaThread "Image Fetcher 0"            daemon [_thread_blocked, id=11876, stack(0x0000009eb5500000,0x0000009eb5600000) (1024K)]
  0x000001cf46c4d4c0 JavaThread "Image Fetcher 1"            daemon [_thread_blocked, id=18128, stack(0x0000009eb5600000,0x0000009eb5700000) (1024K)]
  0x000001cf46e5d560 JavaThread "TimerQueue"                 daemon [_thread_blocked, id=18816, stack(0x0000009eb5700000,0x0000009eb5800000) (1024K)]
Total: 18

Other Threads:
=>0x000001cf6532b0c0 VMThread "VM Thread"                           [id=17040, stack(0x0000009eb4600000,0x0000009eb4700000) (1024K)]
  0x000001cf65314d40 WatcherThread "VM Periodic Task Thread"        [id=19168, stack(0x0000009eb4500000,0x0000009eb4600000) (1024K)]
  0x000001cf65299d40 WorkerThread "GC Thread#0"                     [id=1516, stack(0x0000009eb4000000,0x0000009eb4100000) (1024K)]
  0x000001cf46d63c80 WorkerThread "GC Thread#1"                     [id=4276, stack(0x0000009eb5800000,0x0000009eb5900000) (1024K)]
  0x000001cf4724a000 WorkerThread "GC Thread#2"                     [id=18940, stack(0x0000009eb5900000,0x0000009eb5a00000) (1024K)]
  0x000001cf4163cce0 WorkerThread "GC Thread#3"                     [id=8156, stack(0x0000009eb5a00000,0x0000009eb5b00000) (1024K)]
  0x000001cf652a35d0 ConcurrentGCThread "G1 Main Marker"            [id=2752, stack(0x0000009eb4100000,0x0000009eb4200000) (1024K)]
  0x000001cf652a55c0 WorkerThread "G1 Conc#0"                       [id=12184, stack(0x0000009eb4200000,0x0000009eb4300000) (1024K)]
  0x000001cf65300ea0 ConcurrentGCThread "G1 Refine#0"               [id=15516, stack(0x0000009eb4300000,0x0000009eb4400000) (1024K)]
  0x000001cf65305460 ConcurrentGCThread "G1 Service"                [id=7700, stack(0x0000009eb4400000,0x0000009eb4500000) (1024K)]
Total: 10

Threads with active compile tasks:
Total: 0

VM state: at safepoint (normal execution)

VM Mutex/Monitor currently owned by a thread:  ([mutex/lock_event])
[0x00007fff80fecb80] Threads_lock - owner thread: 0x000001cf6532b0c0
[0x00007fff80fecc80] Heap_lock - owner thread: 0x000001cf652a35d0

Heap address: 0x00000000c3400000, size: 972 MB, Compressed Oops mode: 32-bit

CDS archive(s) mapped at: [0x000001cf00000000-0x000001cf00c60000-0x000001cf00c60000), size 12976128, SharedBaseAddress: 0x000001cf00000000, ArchiveRelocationMode: 1.
Compressed class space mapped at: 0x000001cf01000000-0x000001cf41000000, reserved size: 1073741824
Narrow klass base: 0x000001cf00000000, Narrow klass shift: 0, Narrow klass range: 0x41000000

GC Precious Log:
 CardTable entry size: 512
 Card Set container configuration: InlinePtr #cards 5 size 8 Array Of Cards #cards 12 size 40 Howl #buckets 4 coarsen threshold 1843 Howl Bitmap #cards 512 size 80 coarsen threshold 460 Card regions per heap region 1 cards per card region 2048
 CPUs: 4 total, 4 available
 Memory: 3882M
 Large Page Support: Disabled
 NUMA Support: Disabled
 Compressed Oops: Enabled (32-bit)
 Heap Region Size: 1M
 Heap Min Capacity: 8M
 Heap Initial Capacity: 62M
 Heap Max Capacity: 972M
 Pre-touch: Disabled
 Parallel Workers: 4
 Concurrent Workers: 1
 Concurrent Refinement Workers: 4
 Periodic GC: Disabled

Heap:
 garbage-first heap   total reserved 995328K, committed 177152K, used 140463K [0x00000000c3400000, 0x0000000100000000)
  region size 1024K, 2 young (2048K), 1 survivors (1024K)
 Metaspace       used 8776K, committed 8960K, reserved 1114112K
  class space    used 967K, committed 1024K, reserved 1048576K

Heap Regions: E=young(eden), S=young(survivor), O=old, HS=humongous(starts), HC=humongous(continues), CS=collection set, F=free, TAMS=top-at-mark-start, PB=parsable bottom
|   0|0x00000000c3400000, 0x00000000c3500000, 0x00000000c3500000|100%|HS|  |TAMS 0x00000000c3500000| PB 0x00000000c3400000| Complete |  0
|   1|0x00000000c3500000, 0x00000000c3600000, 0x00000000c3600000|100%|HC|  |TAMS 0x00000000c3600000| PB 0x00000000c3500000| Complete |  0
|   2|0x00000000c3600000, 0x00000000c3700000, 0x00000000c3700000|100%|HC|  |TAMS 0x00000000c3700000| PB 0x00000000c3600000| Complete |  0
|   3|0x00000000c3700000, 0x00000000c3800000, 0x00000000c3800000|100%| O|  |TAMS 0x00000000c3700000| PB 0x00000000c3700000| Untracked |  0
|   4|0x00000000c3800000, 0x00000000c3900000, 0x00000000c3900000|100%| O|  |TAMS 0x00000000c3900000| PB 0x00000000c3900000| Untracked |  0
|   5|0x00000000c3900000, 0x00000000c3a00000, 0x00000000c3a00000|100%| O|  |TAMS 0x00000000c3a00000| PB 0x00000000c3a00000| Updating |  0
|   6|0x00000000c3a00000, 0x00000000c3b00000, 0x00000000c3b00000|100%| O|  |TAMS 0x00000000c3b00000| PB 0x00000000c3b00000| Untracked |  0
|   7|0x00000000c3b00000, 0x00000000c3c00000, 0x00000000c3c00000|100%|HS|  |TAMS 0x00000000c3c00000| PB 0x00000000c3b00000| Complete |  0
|   8|0x00000000c3c00000, 0x00000000c3d00000, 0x00000000c3d00000|100%|HC|  |TAMS 0x00000000c3d00000| PB 0x00000000c3c00000| Complete |  0
|   9|0x00000000c3d00000, 0x00000000c3e00000, 0x00000000c3e00000|100%|HC|  |TAMS 0x00000000c3e00000| PB 0x00000000c3d00000| Complete |  0
|  10|0x00000000c3e00000, 0x00000000c3f00000, 0x00000000c3f00000|100%|HC|  |TAMS 0x00000000c3f00000| PB 0x00000000c3e00000| Complete |  0
|  11|0x00000000c3f00000, 0x00000000c4000000, 0x00000000c4000000|100%|HS|  |TAMS 0x00000000c4000000| PB 0x00000000c3f00000| Complete |  0
|  12|0x00000000c4000000, 0x00000000c4100000, 0x00000000c4100000|100%|HC|  |TAMS 0x00000000c4100000| PB 0x00000000c4000000| Complete |  0
|  13|0x00000000c4100000, 0x00000000c4200000, 0x00000000c4200000|100%|HC|  |TAMS 0x00000000c4200000| PB 0x00000000c4100000| Complete |  0
|  14|0x00000000c4200000, 0x00000000c4300000, 0x00000000c4300000|100%|HC|  |TAMS 0x00000000c4300000| PB 0x00000000c4200000| Complete |  0
|  15|0x00000000c4300000, 0x00000000c4400000, 0x00000000c4400000|100%|HS|  |TAMS 0x00000000c4400000| PB 0x00000000c4300000| Complete |  0
|  16|0x00000000c4400000, 0x00000000c4500000, 0x00000000c4500000|100%|HC|  |TAMS 0x00000000c4500000| PB 0x00000000c4400000| Complete |  0
|  17|0x00000000c4500000, 0x00000000c4600000, 0x00000000c4600000|100%|HC|  |TAMS 0x00000000c4600000| PB 0x00000000c4500000| Complete |  0
|  18|0x00000000c4600000, 0x00000000c4700000, 0x00000000c4700000|100%|HC|  |TAMS 0x00000000c4700000| PB 0x00000000c4600000| Complete |  0
|  19|0x00000000c4700000, 0x00000000c4800000, 0x00000000c4800000|100%|HS|  |TAMS 0x00000000c4800000| PB 0x00000000c4700000| Complete |  0
|  20|0x00000000c4800000, 0x00000000c4900000, 0x00000000c4900000|100%|HC|  |TAMS 0x00000000c4900000| PB 0x00000000c4800000| Complete |  0
|  21|0x00000000c4900000, 0x00000000c4a00000, 0x00000000c4a00000|100%|HC|  |TAMS 0x00000000c4a00000| PB 0x00000000c4900000| Complete |  0
|  22|0x00000000c4a00000, 0x00000000c4b00000, 0x00000000c4b00000|100%|HC|  |TAMS 0x00000000c4b00000| PB 0x00000000c4a00000| Complete |  0
|  23|0x00000000c4b00000, 0x00000000c4c00000, 0x00000000c4c00000|100%| O|  |TAMS 0x00000000c4c00000| PB 0x00000000c4c00000| Updating |  0
|  24|0x00000000c4c00000, 0x00000000c4d00000, 0x00000000c4d00000|100%|HS|  |TAMS 0x00000000c4d00000| PB 0x00000000c4c00000| Complete |  0
|  25|0x00000000c4d00000, 0x00000000c4e00000, 0x00000000c4e00000|100%|HC|  |TAMS 0x00000000c4e00000| PB 0x00000000c4d00000| Complete |  0
|  26|0x00000000c4e00000, 0x00000000c4f00000, 0x00000000c4f00000|100%|HC|  |TAMS 0x00000000c4f00000| PB 0x00000000c4e00000| Complete |  0
|  27|0x00000000c4f00000, 0x00000000c5000000, 0x00000000c5000000|100%|HC|  |TAMS 0x00000000c5000000| PB 0x00000000c4f00000| Complete |  0
|  28|0x00000000c5000000, 0x00000000c5100000, 0x00000000c5100000|100%|HC|  |TAMS 0x00000000c5100000| PB 0x00000000c5000000| Complete |  0
|  29|0x00000000c5100000, 0x00000000c5200000, 0x00000000c5200000|100%|HS|  |TAMS 0x00000000c5200000| PB 0x00000000c5100000| Complete |  0
|  30|0x00000000c5200000, 0x00000000c5300000, 0x00000000c5300000|100%|HC|  |TAMS 0x00000000c5300000| PB 0x00000000c5200000| Complete |  0
|  31|0x00000000c5300000, 0x00000000c5400000, 0x00000000c5400000|100%|HC|  |TAMS 0x00000000c5400000| PB 0x00000000c5300000| Complete |  0
|  32|0x00000000c5400000, 0x00000000c5500000, 0x00000000c5500000|100%|HC|  |TAMS 0x00000000c5500000| PB 0x00000000c5400000| Complete |  0
|  33|0x00000000c5500000, 0x00000000c5600000, 0x00000000c5600000|100%|HS|  |TAMS 0x00000000c5600000| PB 0x00000000c5500000| Complete |  0
|  34|0x00000000c5600000, 0x00000000c5700000, 0x00000000c5700000|100%|HC|  |TAMS 0x00000000c5700000| PB 0x00000000c5600000| Complete |  0
|  35|0x00000000c5700000, 0x00000000c5800000, 0x00000000c5800000|100%|HC|  |TAMS 0x00000000c5800000| PB 0x00000000c5700000| Complete |  0
|  36|0x00000000c5800000, 0x00000000c5900000, 0x00000000c5900000|100%|HC|  |TAMS 0x00000000c5900000| PB 0x00000000c5800000| Complete |  0
|  37|0x00000000c5900000, 0x00000000c5a00000, 0x00000000c5a00000|100%|HS|  |TAMS 0x00000000c5a00000| PB 0x00000000c5900000| Complete |  0
|  38|0x00000000c5a00000, 0x00000000c5b00000, 0x00000000c5b00000|100%|HC|  |TAMS 0x00000000c5b00000| PB 0x00000000c5a00000| Complete |  0
|  39|0x00000000c5b00000, 0x00000000c5c00000, 0x00000000c5c00000|100%|HC|  |TAMS 0x00000000c5c00000| PB 0x00000000c5b00000| Complete |  0
|  40|0x00000000c5c00000, 0x00000000c5d00000, 0x00000000c5d00000|100%| O|  |TAMS 0x00000000c5d00000| PB 0x00000000c5d00000| Untracked |  0
|  41|0x00000000c5d00000, 0x00000000c5e00000, 0x00000000c5e00000|100%| O|  |TAMS 0x00000000c5e00000| PB 0x00000000c5e00000| Untracked |  0
|  42|0x00000000c5e00000, 0x00000000c5f00000, 0x00000000c5f00000|100%|HS|  |TAMS 0x00000000c5f00000| PB 0x00000000c5e00000| Complete |  0
|  43|0x00000000c5f00000, 0x00000000c6000000, 0x00000000c6000000|100%|HC|  |TAMS 0x00000000c6000000| PB 0x00000000c5f00000| Complete |  0
|  44|0x00000000c6000000, 0x00000000c6100000, 0x00000000c6100000|100%|HC|  |TAMS 0x00000000c6100000| PB 0x00000000c6000000| Complete |  0
|  45|0x00000000c6100000, 0x00000000c6200000, 0x00000000c6200000|100%|HC|  |TAMS 0x00000000c6200000| PB 0x00000000c6100000| Complete |  0
|  46|0x00000000c6200000, 0x00000000c6300000, 0x00000000c6300000|100%|HS|  |TAMS 0x00000000c6300000| PB 0x00000000c6200000| Complete |  0
|  47|0x00000000c6300000, 0x00000000c6400000, 0x00000000c6400000|100%|HC|  |TAMS 0x00000000c6400000| PB 0x00000000c6300000| Complete |  0
|  48|0x00000000c6400000, 0x00000000c6500000, 0x00000000c6500000|100%|HC|  |TAMS 0x00000000c6500000| PB 0x00000000c6400000| Complete |  0
|  49|0x00000000c6500000, 0x00000000c6600000, 0x00000000c6600000|100%|HC|  |TAMS 0x00000000c6600000| PB 0x00000000c6500000| Complete |  0
|  50|0x00000000c6600000, 0x00000000c6700000, 0x00000000c6700000|100%|HS|  |TAMS 0x00000000c6700000| PB 0x00000000c6600000| Complete |  0
|  51|0x00000000c6700000, 0x00000000c6800000, 0x00000000c6800000|100%|HC|  |TAMS 0x00000000c6800000| PB 0x00000000c6700000| Complete |  0
|  52|0x00000000c6800000, 0x00000000c6900000, 0x00000000c6900000|100%|HC|  |TAMS 0x00000000c6900000| PB 0x00000000c6800000| Complete |  0
|  53|0x00000000c6900000, 0x00000000c6a00000, 0x00000000c6a00000|100%| O|  |TAMS 0x00000000c6a00000| PB 0x00000000c6a00000| Updating |  0
|  54|0x00000000c6a00000, 0x00000000c6b00000, 0x00000000c6b00000|100%|HS|  |TAMS 0x00000000c6b00000| PB 0x00000000c6a00000| Complete |  0
|  55|0x00000000c6b00000, 0x00000000c6c00000, 0x00000000c6c00000|100%|HC|  |TAMS 0x00000000c6c00000| PB 0x00000000c6b00000| Complete |  0
|  56|0x00000000c6c00000, 0x00000000c6d00000, 0x00000000c6d00000|100%|HC|  |TAMS 0x00000000c6d00000| PB 0x00000000c6c00000| Complete |  0
|  57|0x00000000c6d00000, 0x00000000c6e00000, 0x00000000c6e00000|100%|HS|  |TAMS 0x00000000c6e00000| PB 0x00000000c6d00000| Complete |  0
|  58|0x00000000c6e00000, 0x00000000c6f00000, 0x00000000c6f00000|100%|HC|  |TAMS 0x00000000c6f00000| PB 0x00000000c6e00000| Complete |  0
|  59|0x00000000c6f00000, 0x00000000c7000000, 0x00000000c7000000|100%|HC|  |TAMS 0x00000000c7000000| PB 0x00000000c6f00000| Complete |  0
|  60|0x00000000c7000000, 0x00000000c7100000, 0x00000000c7100000|100%| O|  |TAMS 0x00000000c7100000| PB 0x00000000c7100000| Untracked |  0
|  61|0x00000000c7100000, 0x00000000c7200000, 0x00000000c7200000|100%| O|  |TAMS 0x00000000c7200000| PB 0x00000000c7200000| Updating |  0
|  62|0x00000000c7200000, 0x00000000c7300000, 0x00000000c7300000|100%|HS|  |TAMS 0x00000000c7300000| PB 0x00000000c7200000| Complete |  0
|  63|0x00000000c7300000, 0x00000000c7400000, 0x00000000c7400000|100%|HC|  |TAMS 0x00000000c7400000| PB 0x00000000c7300000| Complete |  0
|  64|0x00000000c7400000, 0x00000000c7500000, 0x00000000c7500000|100%|HC|  |TAMS 0x00000000c7500000| PB 0x00000000c7400000| Complete |  0
|  65|0x00000000c7500000, 0x00000000c7600000, 0x00000000c7600000|100%|HC|  |TAMS 0x00000000c7600000| PB 0x00000000c7500000| Complete |  0
|  66|0x00000000c7600000, 0x00000000c7700000, 0x00000000c7700000|100%|HC|  |TAMS 0x00000000c7700000| PB 0x00000000c7600000| Complete |  0
|  67|0x00000000c7700000, 0x00000000c7800000, 0x00000000c7800000|100%|HC|  |TAMS 0x00000000c7800000| PB 0x00000000c7700000| Complete |  0
|  68|0x00000000c7800000, 0x00000000c7900000, 0x00000000c7900000|100%|HC|  |TAMS 0x00000000c7900000| PB 0x00000000c7800000| Complete |  0
|  69|0x00000000c7900000, 0x00000000c7a00000, 0x00000000c7a00000|100%|HC|  |TAMS 0x00000000c7a00000| PB 0x00000000c7900000| Complete |  0
|  70|0x00000000c7a00000, 0x00000000c7b00000, 0x00000000c7b00000|100%|HC|  |TAMS 0x00000000c7b00000| PB 0x00000000c7a00000| Complete |  0
|  71|0x00000000c7b00000, 0x00000000c7c00000, 0x00000000c7c00000|100%|HC|  |TAMS 0x00000000c7c00000| PB 0x00000000c7b00000| Complete |  0
|  72|0x00000000c7c00000, 0x00000000c7d00000, 0x00000000c7d00000|100%|HC|  |TAMS 0x00000000c7d00000| PB 0x00000000c7c00000| Complete |  0
|  73|0x00000000c7d00000, 0x00000000c7e00000, 0x00000000c7e00000|100%|HC|  |TAMS 0x00000000c7e00000| PB 0x00000000c7d00000| Complete |  0
|  74|0x00000000c7e00000, 0x00000000c7f00000, 0x00000000c7f00000|100%|HC|  |TAMS 0x00000000c7f00000| PB 0x00000000c7e00000| Complete |  0
|  75|0x00000000c7f00000, 0x00000000c8000000, 0x00000000c8000000|100%|HC|  |TAMS 0x00000000c8000000| PB 0x00000000c7f00000| Complete |  0
|  76|0x00000000c8000000, 0x00000000c8100000, 0x00000000c8100000|100%|HC|  |TAMS 0x00000000c8100000| PB 0x00000000c8000000| Complete |  0
|  77|0x00000000c8100000, 0x00000000c8200000, 0x00000000c8200000|100%|HC|  |TAMS 0x00000000c8200000| PB 0x00000000c8100000| Complete |  0
|  78|0x00000000c8200000, 0x00000000c8300000, 0x00000000c8300000|100%|HC|  |TAMS 0x00000000c8300000| PB 0x00000000c8200000| Complete |  0
|  79|0x00000000c8300000, 0x00000000c8400000, 0x00000000c8400000|100%|HC|  |TAMS 0x00000000c8400000| PB 0x00000000c8300000| Complete |  0
|  80|0x00000000c8400000, 0x00000000c8500000, 0x00000000c8500000|100%|HC|  |TAMS 0x00000000c8500000| PB 0x00000000c8400000| Complete |  0
|  81|0x00000000c8500000, 0x00000000c8600000, 0x00000000c8600000|100%|HS|  |TAMS 0x00000000c8600000| PB 0x00000000c8500000| Complete |  0
|  82|0x00000000c8600000, 0x00000000c8700000, 0x00000000c8700000|100%|HC|  |TAMS 0x00000000c8700000| PB 0x00000000c8600000| Complete |  0
|  83|0x00000000c8700000, 0x00000000c8800000, 0x00000000c8800000|100%|HC|  |TAMS 0x00000000c8800000| PB 0x00000000c8700000| Complete |  0
|  84|0x00000000c8800000, 0x00000000c8900000, 0x00000000c8900000|100%|HC|  |TAMS 0x00000000c8900000| PB 0x00000000c8800000| Complete |  0
|  85|0x00000000c8900000, 0x00000000c8a00000, 0x00000000c8a00000|100%|HC|  |TAMS 0x00000000c8a00000| PB 0x00000000c8900000| Complete |  0
|  86|0x00000000c8a00000, 0x00000000c8b00000, 0x00000000c8b00000|100%|HC|  |TAMS 0x00000000c8b00000| PB 0x00000000c8a00000| Complete |  0
|  87|0x00000000c8b00000, 0x00000000c8c00000, 0x00000000c8c00000|100%|HC|  |TAMS 0x00000000c8c00000| PB 0x00000000c8b00000| Complete |  0
|  88|0x00000000c8c00000, 0x00000000c8d00000, 0x00000000c8d00000|100%|HC|  |TAMS 0x00000000c8d00000| PB 0x00000000c8c00000| Complete |  0
|  89|0x00000000c8d00000, 0x00000000c8e00000, 0x00000000c8e00000|100%|HC|  |TAMS 0x00000000c8e00000| PB 0x00000000c8d00000| Complete |  0
|  90|0x00000000c8e00000, 0x00000000c8f00000, 0x00000000c8f00000|100%|HC|  |TAMS 0x00000000c8f00000| PB 0x00000000c8e00000| Complete |  0
|  91|0x00000000c8f00000, 0x00000000c9000000, 0x00000000c9000000|100%|HC|  |TAMS 0x00000000c9000000| PB 0x00000000c8f00000| Complete |  0
|  92|0x00000000c9000000, 0x00000000c9100000, 0x00000000c9100000|100%|HS|  |TAMS 0x00000000c9100000| PB 0x00000000c9000000| Complete |  0
|  93|0x00000000c9100000, 0x00000000c9200000, 0x00000000c9200000|100%|HC|  |TAMS 0x00000000c9200000| PB 0x00000000c9100000| Complete |  0
|  94|0x00000000c9200000, 0x00000000c9300000, 0x00000000c9300000|100%|HC|  |TAMS 0x00000000c9300000| PB 0x00000000c9200000| Complete |  0
|  95|0x00000000c9300000, 0x00000000c9400000, 0x00000000c9400000|100%|HS|  |TAMS 0x00000000c9400000| PB 0x00000000c9300000| Complete |  0
|  96|0x00000000c9400000, 0x00000000c9500000, 0x00000000c9500000|100%|HC|  |TAMS 0x00000000c9500000| PB 0x00000000c9400000| Complete |  0
|  97|0x00000000c9500000, 0x00000000c9600000, 0x00000000c9600000|100%|HC|  |TAMS 0x00000000c9600000| PB 0x00000000c9500000| Complete |  0
|  98|0x00000000c9600000, 0x00000000c9700000, 0x00000000c9700000|100%|HS|  |TAMS 0x00000000c9700000| PB 0x00000000c9600000| Complete |  0
|  99|0x00000000c9700000, 0x00000000c9800000, 0x00000000c9800000|100%|HC|  |TAMS 0x00000000c9800000| PB 0x00000000c9700000| Complete |  0
| 100|0x00000000c9800000, 0x00000000c9900000, 0x00000000c9900000|100%|HC|  |TAMS 0x00000000c9900000| PB 0x00000000c9800000| Complete |  0
| 101|0x00000000c9900000, 0x00000000c9a00000, 0x00000000c9a00000|100%|HS|  |TAMS 0x00000000c9a00000| PB 0x00000000c9900000| Complete |  0
| 102|0x00000000c9a00000, 0x00000000c9b00000, 0x00000000c9b00000|100%|HC|  |TAMS 0x00000000c9b00000| PB 0x00000000c9a00000| Complete |  0
| 103|0x00000000c9b00000, 0x00000000c9c00000, 0x00000000c9c00000|100%|HC|  |TAMS 0x00000000c9c00000| PB 0x00000000c9b00000| Complete |  0
| 104|0x00000000c9c00000, 0x00000000c9d00000, 0x00000000c9d00000|100%|HS|  |TAMS 0x00000000c9d00000| PB 0x00000000c9c00000| Complete |  0
| 105|0x00000000c9d00000, 0x00000000c9e00000, 0x00000000c9e00000|100%|HC|  |TAMS 0x00000000c9e00000| PB 0x00000000c9d00000| Complete |  0
| 106|0x00000000c9e00000, 0x00000000c9f00000, 0x00000000c9f00000|100%|HC|  |TAMS 0x00000000c9f00000| PB 0x00000000c9e00000| Complete |  0
| 107|0x00000000c9f00000, 0x00000000ca000000, 0x00000000ca000000|100%|HC|  |TAMS 0x00000000ca000000| PB 0x00000000c9f00000| Complete |  0
| 108|0x00000000ca000000, 0x00000000ca100000, 0x00000000ca100000|100%|HS|  |TAMS 0x00000000ca100000| PB 0x00000000ca000000| Complete |  0
| 109|0x00000000ca100000, 0x00000000ca200000, 0x00000000ca200000|100%|HC|  |TAMS 0x00000000ca200000| PB 0x00000000ca100000| Complete |  0
| 110|0x00000000ca200000, 0x00000000ca300000, 0x00000000ca300000|100%|HC|  |TAMS 0x00000000ca300000| PB 0x00000000ca200000| Complete |  0
| 111|0x00000000ca300000, 0x00000000ca400000, 0x00000000ca400000|100%|HS|  |TAMS 0x00000000ca400000| PB 0x00000000ca300000| Complete |  0
| 112|0x00000000ca400000, 0x00000000ca500000, 0x00000000ca500000|100%|HC|  |TAMS 0x00000000ca500000| PB 0x00000000ca400000| Complete |  0
| 113|0x00000000ca500000, 0x00000000ca600000, 0x00000000ca600000|100%|HC|  |TAMS 0x00000000ca600000| PB 0x00000000ca500000| Complete |  0
| 114|0x00000000ca600000, 0x00000000ca700000, 0x00000000ca700000|100%|HS|  |TAMS 0x00000000ca700000| PB 0x00000000ca600000| Complete |  0
| 115|0x00000000ca700000, 0x00000000ca800000, 0x00000000ca800000|100%|HC|  |TAMS 0x00000000ca800000| PB 0x00000000ca700000| Complete |  0
| 116|0x00000000ca800000, 0x00000000ca900000, 0x00000000ca900000|100%|HC|  |TAMS 0x00000000ca900000| PB 0x00000000ca800000| Complete |  0
| 117|0x00000000ca900000, 0x00000000caa00000, 0x00000000caa00000|100%|HC|  |TAMS 0x00000000caa00000| PB 0x00000000ca900000| Complete |  0
| 118|0x00000000caa00000, 0x00000000cab00000, 0x00000000cab00000|100%|HS|  |TAMS 0x00000000cab00000| PB 0x00000000caa00000| Complete |  0
| 119|0x00000000cab00000, 0x00000000cac00000, 0x00000000cac00000|100%|HC|  |TAMS 0x00000000cac00000| PB 0x00000000cab00000| Complete |  0
| 120|0x00000000cac00000, 0x00000000cad00000, 0x00000000cad00000|100%|HC|  |TAMS 0x00000000cad00000| PB 0x00000000cac00000| Complete |  0
| 121|0x00000000cad00000, 0x00000000cae00000, 0x00000000cae00000|100%|HS|  |TAMS 0x00000000cae00000| PB 0x00000000cad00000| Complete |  0
| 122|0x00000000cae00000, 0x00000000caf00000, 0x00000000caf00000|100%|HC|  |TAMS 0x00000000caf00000| PB 0x00000000cae00000| Complete |  0
| 123|0x00000000caf00000, 0x00000000cb000000, 0x00000000cb000000|100%|HC|  |TAMS 0x00000000cb000000| PB 0x00000000caf00000| Complete |  0
| 124|0x00000000cb000000, 0x00000000cb100000, 0x00000000cb100000|100%|HS|  |TAMS 0x00000000cb100000| PB 0x00000000cb000000| Complete |  0
| 125|0x00000000cb100000, 0x00000000cb200000, 0x00000000cb200000|100%|HC|  |TAMS 0x00000000cb200000| PB 0x00000000cb100000| Complete |  0
| 126|0x00000000cb200000, 0x00000000cb300000, 0x00000000cb300000|100%|HC|  |TAMS 0x00000000cb300000| PB 0x00000000cb200000| Complete |  0
| 127|0x00000000cb300000, 0x00000000cb400000, 0x00000000cb400000|100%| O|  |TAMS 0x00000000cb300000| PB 0x00000000cb300000| Untracked |  0
| 128|0x00000000cb400000, 0x00000000cb500000, 0x00000000cb500000|100%| O|  |TAMS 0x00000000cb400000| PB 0x00000000cb400000| Untracked |  0
| 129|0x00000000cb500000, 0x00000000cb600000, 0x00000000cb600000|100%| O|  |TAMS 0x00000000cb500000| PB 0x00000000cb500000| Untracked |  0
| 130|0x00000000cb600000, 0x00000000cb700000, 0x00000000cb700000|100%| O|  |TAMS 0x00000000cb600000| PB 0x00000000cb600000| Untracked |  0
| 131|0x00000000cb700000, 0x00000000cb800000, 0x00000000cb800000|100%| O|  |TAMS 0x00000000cb700000| PB 0x00000000cb700000| Untracked |  0
| 132|0x00000000cb800000, 0x00000000cb819a80, 0x00000000cb900000| 10%| O|  |TAMS 0x00000000cb800000| PB 0x00000000cb800000| Updating |  0
| 133|0x00000000cb900000, 0x00000000cba00000, 0x00000000cba00000|100%|HS|  |TAMS 0x00000000cb900000| PB 0x00000000cb900000| Complete |  0
| 134|0x00000000cba00000, 0x00000000cbb00000, 0x00000000cbb00000|100%|HC|  |TAMS 0x00000000cba00000| PB 0x00000000cba00000| Complete |  0
| 135|0x00000000cbb00000, 0x00000000cbc00000, 0x00000000cbc00000|100%|HC|  |TAMS 0x00000000cbb00000| PB 0x00000000cbb00000| Complete |  0
| 136|0x00000000cbc00000, 0x00000000cbc00000, 0x00000000cbd00000|  0%| F|  |TAMS 0x00000000cbc00000| PB 0x00000000cbc00000| Untracked |  0
| 137|0x00000000cbd00000, 0x00000000cbd00000, 0x00000000cbe00000|  0%| F|  |TAMS 0x00000000cbd00000| PB 0x00000000cbd00000| Untracked |  0
| 138|0x00000000cbe00000, 0x00000000cbe00000, 0x00000000cbf00000|  0%| F|  |TAMS 0x00000000cbe00000| PB 0x00000000cbe00000| Untracked |  0
| 139|0x00000000cbf00000, 0x00000000cbf00000, 0x00000000cc000000|  0%| F|  |TAMS 0x00000000cbf00000| PB 0x00000000cbf00000| Untracked |  0
| 140|0x00000000cc000000, 0x00000000cc000000, 0x00000000cc100000|  0%| F|  |TAMS 0x00000000cc000000| PB 0x00000000cc000000| Untracked |  0
| 141|0x00000000cc100000, 0x00000000cc100000, 0x00000000cc200000|  0%| F|  |TAMS 0x00000000cc100000| PB 0x00000000cc100000| Untracked |  0
| 142|0x00000000cc200000, 0x00000000cc200000, 0x00000000cc300000|  0%| F|  |TAMS 0x00000000cc200000| PB 0x00000000cc200000| Untracked |  0
| 143|0x00000000cc300000, 0x00000000cc300000, 0x00000000cc400000|  0%| F|  |TAMS 0x00000000cc300000| PB 0x00000000cc300000| Untracked |  0
| 144|0x00000000cc400000, 0x00000000cc400000, 0x00000000cc500000|  0%| F|  |TAMS 0x00000000cc400000| PB 0x00000000cc400000| Untracked |  0
| 145|0x00000000cc500000, 0x00000000cc500000, 0x00000000cc600000|  0%| F|  |TAMS 0x00000000cc500000| PB 0x00000000cc500000| Untracked |  0
| 146|0x00000000cc600000, 0x00000000cc600000, 0x00000000cc700000|  0%| F|  |TAMS 0x00000000cc600000| PB 0x00000000cc600000| Untracked |  0
| 147|0x00000000cc700000, 0x00000000cc700000, 0x00000000cc800000|  0%| F|  |TAMS 0x00000000cc700000| PB 0x00000000cc700000| Untracked |  0
| 148|0x00000000cc800000, 0x00000000cc800000, 0x00000000cc900000|  0%| F|  |TAMS 0x00000000cc800000| PB 0x00000000cc800000| Untracked |  0
| 149|0x00000000cc900000, 0x00000000cc900000, 0x00000000cca00000|  0%| F|  |TAMS 0x00000000cc900000| PB 0x00000000cc900000| Untracked |  0
| 150|0x00000000cca00000, 0x00000000cca00000, 0x00000000ccb00000|  0%| F|  |TAMS 0x00000000cca00000| PB 0x00000000cca00000| Untracked |  0
| 151|0x00000000ccb00000, 0x00000000ccb00000, 0x00000000ccc00000|  0%| F|  |TAMS 0x00000000ccb00000| PB 0x00000000ccb00000| Untracked |  0
| 152|0x00000000ccc00000, 0x00000000ccc00000, 0x00000000ccd00000|  0%| F|  |TAMS 0x00000000ccc00000| PB 0x00000000ccc00000| Untracked |  0
| 153|0x00000000ccd00000, 0x00000000ccd00000, 0x00000000cce00000|  0%| F|  |TAMS 0x00000000ccd00000| PB 0x00000000ccd00000| Untracked |  0
| 154|0x00000000cce00000, 0x00000000cce00000, 0x00000000ccf00000|  0%| F|  |TAMS 0x00000000cce00000| PB 0x00000000cce00000| Untracked |  0
| 155|0x00000000ccf00000, 0x00000000ccf00000, 0x00000000cd000000|  0%| F|  |TAMS 0x00000000ccf00000| PB 0x00000000ccf00000| Untracked |  0
| 156|0x00000000cd000000, 0x00000000cd000000, 0x00000000cd100000|  0%| F|  |TAMS 0x00000000cd000000| PB 0x00000000cd000000| Untracked |  0
| 157|0x00000000cd100000, 0x00000000cd100000, 0x00000000cd200000|  0%| F|  |TAMS 0x00000000cd100000| PB 0x00000000cd100000| Untracked |  0
| 158|0x00000000cd200000, 0x00000000cd200000, 0x00000000cd300000|  0%| F|  |TAMS 0x00000000cd200000| PB 0x00000000cd200000| Untracked |  0
| 159|0x00000000cd300000, 0x00000000cd300000, 0x00000000cd400000|  0%| F|  |TAMS 0x00000000cd300000| PB 0x00000000cd300000| Untracked |  0
| 160|0x00000000cd400000, 0x00000000cd400000, 0x00000000cd500000|  0%| F|  |TAMS 0x00000000cd400000| PB 0x00000000cd400000| Untracked |  0
| 161|0x00000000cd500000, 0x00000000cd500000, 0x00000000cd600000|  0%| F|  |TAMS 0x00000000cd500000| PB 0x00000000cd500000| Untracked |  0
| 162|0x00000000cd600000, 0x00000000cd6121f8, 0x00000000cd700000|  7%| S|CS|TAMS 0x00000000cd600000| PB 0x00000000cd600000| Complete |  0
| 163|0x00000000cd700000, 0x00000000cd800000, 0x00000000cd800000|100%|HS|  |TAMS 0x00000000cd800000| PB 0x00000000cd700000| Complete |  0
| 164|0x00000000cd800000, 0x00000000cd800000, 0x00000000cd900000|  0%| F|  |TAMS 0x00000000cd800000| PB 0x00000000cd800000| Untracked |  0
| 165|0x00000000cd900000, 0x00000000cd900000, 0x00000000cda00000|  0%| F|  |TAMS 0x00000000cd900000| PB 0x00000000cd900000| Untracked |  0
| 166|0x00000000cda00000, 0x00000000cda00000, 0x00000000cdb00000|  0%| F|  |TAMS 0x00000000cda00000| PB 0x00000000cda00000| Untracked |  0
| 167|0x00000000cdb00000, 0x00000000cdb00000, 0x00000000cdc00000|  0%| F|  |TAMS 0x00000000cdb00000| PB 0x00000000cdb00000| Untracked |  0
| 168|0x00000000cdc00000, 0x00000000cdc00000, 0x00000000cdd00000|  0%| F|  |TAMS 0x00000000cdc00000| PB 0x00000000cdc00000| Untracked |  0
| 169|0x00000000cdd00000, 0x00000000cdd00000, 0x00000000cde00000|  0%| F|  |TAMS 0x00000000cdd00000| PB 0x00000000cdd00000| Untracked |  0
| 170|0x00000000cde00000, 0x00000000cde00000, 0x00000000cdf00000|  0%| F|  |TAMS 0x00000000cde00000| PB 0x00000000cde00000| Untracked |  0
| 970|0x00000000ffe00000, 0x00000000fff00000, 0x00000000fff00000|100%| O|  |TAMS 0x00000000ffe80720| PB 0x00000000ffe80720| Untracked |  0
| 971|0x00000000fff00000, 0x00000000fff7a408, 0x0000000100000000| 47%| E|  |TAMS 0x00000000fff00000| PB 0x00000000fff00000| Complete |  0

Card table byte_map: [0x000001cf7c7b0000,0x000001cf7c9a0000] _byte_map_base: 0x000001cf7c196000

Marking Bits: (CMBitMap*) 0x000001cf6529b370
 Bits: [0x000001cf7c9a0000, 0x000001cf7d8d0000)

Polling page: 0x000001cf630f0000

Metaspace:

Usage:
  Non-class:      7.63 MB used.
      Class:    967.41 KB used.
       Both:      8.57 MB used.

Virtual space:
  Non-class space:       64.00 MB reserved,       7.75 MB ( 12%) committed,  1 nodes.
      Class space:        1.00 GB reserved,       1.00 MB ( <1%) committed,  1 nodes.
             Both:        1.06 GB reserved,       8.75 MB ( <1%) committed. 

Chunk freelists:
   Non-Class:  8.16 MB
       Class:  15.01 MB
        Both:  23.17 MB

MaxMetaspaceSize: unlimited
CompressedClassSpaceSize: 1.00 GB
Initial GC threshold: 21.00 MB
Current GC threshold: 21.00 MB
CDS: on
 - commit_granule_bytes: 65536.
 - commit_granule_words: 8192.
 - virtual_space_node_default_size: 8388608.
 - enlarge_chunks_in_place: 1.
 - use_allocation_guard: 0.


Internal statistics:

num_allocs_failed_limit: 0.
num_arena_births: 156.
num_arena_deaths: 0.
num_vsnodes_births: 2.
num_vsnodes_deaths: 0.
num_space_committed: 140.
num_space_uncommitted: 0.
num_chunks_returned_to_freelist: 0.
num_chunks_taken_from_freelist: 200.
num_chunk_merges: 0.
num_chunk_splits: 121.
num_chunks_enlarged: 59.
num_inconsistent_stats: 0.

CodeHeap 'non-profiled nmethods': size=120000Kb used=631Kb max_used=717Kb free=119368Kb
 bounds [0x000001cf75090000, 0x000001cf75300000, 0x000001cf7c5c0000]
CodeHeap 'profiled nmethods': size=120000Kb used=1973Kb max_used=2019Kb free=118026Kb
 bounds [0x000001cf6d5c0000, 0x000001cf6d830000, 0x000001cf74af0000]
CodeHeap 'non-nmethods': size=5760Kb used=1551Kb max_used=1634Kb free=4208Kb
 bounds [0x000001cf74af0000, 0x000001cf74d60000, 0x000001cf75090000]
 total_blobs=1897 nmethods=1278 adapters=523
 compilation: enabled
              stopped_count=0, restarted_count=0
 full_count=0

Compilation events (20 events):
Event: 9.834 Thread 0x000001cf411716e0 1392       3       jdk.internal.ref.PhantomCleanable::clean (16 bytes)
Event: 9.836 Thread 0x000001cf411716e0 nmethod 1392 0x000001cf6d7b6310 code [0x000001cf6d7b64e0, 0x000001cf6d7b67c0]
Event: 9.836 Thread 0x000001cf411716e0 1393       3       jdk.internal.ref.CleanerImpl$PhantomCleanableRef::performCleanup (10 bytes)
Event: 9.837 Thread 0x000001cf411716e0 nmethod 1393 0x000001cf6d7b6890 code [0x000001cf6d7b6a40, 0x000001cf6d7b6c18]
Event: 9.837 Thread 0x000001cf411716e0 1394   !   3       jdk.internal.ref.PhantomCleanable::isListEmpty (34 bytes)
Event: 9.841 Thread 0x000001cf411716e0 nmethod 1394 0x000001cf6d7b6d10 code [0x000001cf6d7b6ec0, 0x000001cf6d7b7118]
Event: 9.846 Thread 0x000001cf411716e0 1395       3       java.awt.color.ColorSpace::getInstance (77 bytes)
Event: 9.848 Thread 0x000001cf411716e0 nmethod 1395 0x000001cf6d7b7210 code [0x000001cf6d7b7400, 0x000001cf6d7b77a0]
Event: 9.849 Thread 0x000001cf411716e0 1396       3       sun.awt.SunToolkit::checkImage (64 bytes)
Event: 9.850 Thread 0x000001cf411716e0 nmethod 1396 0x000001cf6d7b7890 code [0x000001cf6d7b7a80, 0x000001cf6d7b8070]
Event: 9.851 Thread 0x000001cf411716e0 1397       3       sun.awt.image.ImageRepresentation::check (37 bytes)
Event: 9.851 Thread 0x000001cf411716e0 nmethod 1397 0x000001cf6d7b8210 code [0x000001cf6d7b83c0, 0x000001cf6d7b86e8]
Event: 9.851 Thread 0x000001cf411716e0 1398       3       sun.awt.image.ToolkitImage::check (50 bytes)
Event: 9.851 Thread 0x000001cf411716e0 nmethod 1398 0x000001cf6d7b8810 code [0x000001cf6d7b89c0, 0x000001cf6d7b8cb0]
Event: 9.852 Thread 0x000001cf411716e0 1399       1       java.awt.ImageMediaEntry::getMedia (5 bytes)
Event: 9.852 Thread 0x000001cf411716e0 nmethod 1399 0x000001cf75109190 code [0x000001cf75109320, 0x000001cf751093e8]
Event: 9.854 Thread 0x000001cf411716e0 1400       3       java.awt.Component::getToolkit (5 bytes)
Event: 9.855 Thread 0x000001cf411716e0 nmethod 1400 0x000001cf6d7b8d90 code [0x000001cf6d7b8f80, 0x000001cf6d7b9298]
Event: 9.855 Thread 0x000001cf411716e0 1401       3       java.awt.Component::getToolkitImpl (18 bytes)
Event: 9.855 Thread 0x000001cf411716e0 nmethod 1401 0x000001cf6d7b9410 code [0x000001cf6d7b95e0, 0x000001cf6d7b9898]

GC Heap History (20 events):
Event: 2.676 GC heap before
{Heap before GC invocations=3 (full 0):
 garbage-first heap   total reserved 995328K, committed 63488K, used 35504K [0x00000000c3400000, 0x0000000100000000)
  region size 1024K, 7 young (7168K), 2 survivors (2048K)
 Metaspace       used 8616K, committed 8832K, reserved 1114112K
  class space    used 965K, committed 1024K, reserved 1048576K
}
Event: 2.677 GC heap after
{Heap after GC invocations=4 (full 0):
 garbage-first heap   total reserved 995328K, committed 63488K, used 31205K [0x00000000c3400000, 0x0000000100000000)
  region size 1024K, 2 young (2048K), 2 survivors (2048K)
 Metaspace       used 8616K, committed 8832K, reserved 1114112K
  class space    used 965K, committed 1024K, reserved 1048576K
}
Event: 3.281 GC heap before
{Heap before GC invocations=5 (full 0):
 garbage-first heap   total reserved 995328K, committed 82944K, used 81381K [0x00000000c3400000, 0x0000000100000000)
  region size 1024K, 22 young (22528K), 2 survivors (2048K)
 Metaspace       used 8617K, committed 8832K, reserved 1114112K
  class space    used 965K, committed 1024K, reserved 1048576K
}
Event: 3.285 GC heap after
{Heap after GC invocations=6 (full 0):
 garbage-first heap   total reserved 995328K, committed 87040K, used 64434K [0x00000000c3400000, 0x0000000100000000)
  region size 1024K, 3 young (3072K), 3 survivors (3072K)
 Metaspace       used 8617K, committed 8832K, reserved 1114112K
  class space    used 965K, committed 1024K, reserved 1048576K
}
Event: 3.398 GC heap before
{Heap before GC invocations=6 (full 0):
 garbage-first heap   total reserved 995328K, committed 87040K, used 78770K [0x00000000c3400000, 0x0000000100000000)
  region size 1024K, 17 young (17408K), 3 survivors (3072K)
 Metaspace       used 8617K, committed 8832K, reserved 1114112K
  class space    used 965K, committed 1024K, reserved 1048576K
}
Event: 3.400 GC heap after
{Heap after GC invocations=7 (full 0):
 garbage-first heap   total reserved 995328K, committed 87040K, used 63039K [0x00000000c3400000, 0x0000000100000000)
  region size 1024K, 1 young (1024K), 1 survivors (1024K)
 Metaspace       used 8617K, committed 8832K, reserved 1114112K
  class space    used 965K, committed 1024K, reserved 1048576K
}
Event: 4.285 GC heap before
{Heap before GC invocations=7 (full 0):
 garbage-first heap   total reserved 995328K, committed 87040K, used 63039K [0x00000000c3400000, 0x0000000100000000)
  region size 1024K, 2 young (2048K), 1 survivors (1024K)
 Metaspace       used 8617K, committed 8832K, reserved 1114112K
  class space    used 965K, committed 1024K, reserved 1048576K
}
Event: 4.286 GC heap after
{Heap after GC invocations=8 (full 0):
 garbage-first heap   total reserved 995328K, committed 87040K, used 63257K [0x00000000c3400000, 0x0000000100000000)
  region size 1024K, 2 young (2048K), 2 survivors (2048K)
 Metaspace       used 8617K, committed 8832K, reserved 1114112K
  class space    used 965K, committed 1024K, reserved 1048576K
}
Event: 4.739 GC heap before
{Heap before GC invocations=9 (full 0):
 garbage-first heap   total reserved 995328K, committed 114688K, used 86809K [0x00000000c3400000, 0x0000000100000000)
  region size 1024K, 15 young (15360K), 2 survivors (2048K)
 Metaspace       used 8634K, committed 8832K, reserved 1114112K
  class space    used 965K, committed 1024K, reserved 1048576K
}
Event: 4.742 GC heap after
{Heap after GC invocations=10 (full 0):
 garbage-first heap   total reserved 995328K, committed 114688K, used 77045K [0x00000000c3400000, 0x0000000100000000)
  region size 1024K, 2 young (2048K), 2 survivors (2048K)
 Metaspace       used 8634K, committed 8832K, reserved 1114112K
  class space    used 965K, committed 1024K, reserved 1048576K
}
Event: 7.070 GC heap before
{Heap before GC invocations=10 (full 0):
 garbage-first heap   total reserved 995328K, committed 117760K, used 116981K [0x00000000c3400000, 0x0000000100000000)
  region size 1024K, 21 young (21504K), 2 survivors (2048K)
 Metaspace       used 8655K, committed 8832K, reserved 1114112K
  class space    used 966K, committed 1024K, reserved 1048576K
}
Event: 7.073 GC heap after
{Heap after GC invocations=11 (full 0):
 garbage-first heap   total reserved 995328K, committed 120832K, used 97227K [0x00000000c3400000, 0x0000000100000000)
  region size 1024K, 3 young (3072K), 3 survivors (3072K)
 Metaspace       used 8655K, committed 8832K, reserved 1114112K
  class space    used 966K, committed 1024K, reserved 1048576K
}
Event: 7.224 GC heap before
{Heap before GC invocations=11 (full 0):
 garbage-first heap   total reserved 995328K, committed 120832K, used 99275K [0x00000000c3400000, 0x0000000100000000)
  region size 1024K, 6 young (6144K), 3 survivors (3072K)
 Metaspace       used 8657K, committed 8832K, reserved 1114112K
  class space    used 966K, committed 1024K, reserved 1048576K
}
Event: 7.225 GC heap after
{Heap after GC invocations=12 (full 0):
 garbage-first heap   total reserved 995328K, committed 120832K, used 97065K [0x00000000c3400000, 0x0000000100000000)
  region size 1024K, 1 young (1024K), 1 survivors (1024K)
 Metaspace       used 8657K, committed 8832K, reserved 1114112K
  class space    used 966K, committed 1024K, reserved 1048576K
}
Event: 7.815 GC heap before
{Heap before GC invocations=13 (full 0):
 garbage-first heap   total reserved 995328K, committed 167936K, used 119593K [0x00000000c3400000, 0x0000000100000000)
  region size 1024K, 14 young (14336K), 1 survivors (1024K)
 Metaspace       used 8693K, committed 8896K, reserved 1114112K
  class space    used 967K, committed 1024K, reserved 1048576K
}
Event: 7.818 GC heap after
{Heap after GC invocations=14 (full 0):
 garbage-first heap   total reserved 995328K, committed 167936K, used 107994K [0x00000000c3400000, 0x0000000100000000)
  region size 1024K, 2 young (2048K), 2 survivors (2048K)
 Metaspace       used 8693K, committed 8896K, reserved 1114112K
  class space    used 967K, committed 1024K, reserved 1048576K
}
Event: 9.799 GC heap before
{Heap before GC invocations=14 (full 0):
 garbage-first heap   total reserved 995328K, committed 168960K, used 167386K [0x00000000c3400000, 0x0000000100000000)
  region size 1024K, 37 young (37888K), 2 survivors (2048K)
 Metaspace       used 8767K, committed 8960K, reserved 1114112K
  class space    used 967K, committed 1024K, reserved 1048576K
}
Event: 9.818 GC heap after
{Heap after GC invocations=15 (full 0):
 garbage-first heap   total reserved 995328K, committed 177152K, used 137729K [0x00000000c3400000, 0x0000000100000000)
  region size 1024K, 7 young (7168K), 7 survivors (7168K)
 Metaspace       used 8767K, committed 8960K, reserved 1114112K
  class space    used 967K, committed 1024K, reserved 1048576K
}
Event: 9.908 GC heap before
{Heap before GC invocations=15 (full 0):
 garbage-first heap   total reserved 995328K, committed 177152K, used 137729K [0x00000000c3400000, 0x0000000100000000)
  region size 1024K, 8 young (8192K), 7 survivors (7168K)
 Metaspace       used 8776K, committed 8960K, reserved 1114112K
  class space    used 967K, committed 1024K, reserved 1048576K
}
Event: 9.919 GC heap after
{Heap after GC invocations=16 (full 0):
 garbage-first heap   total reserved 995328K, committed 177152K, used 137391K [0x00000000c3400000, 0x0000000100000000)
  region size 1024K, 1 young (1024K), 1 survivors (1024K)
 Metaspace       used 8776K, committed 8960K, reserved 1114112K
  class space    used 967K, committed 1024K, reserved 1048576K
}

Dll operation events (10 events):
Event: 0.017 Loaded shared library C:\Program Files\Java\jdk-22\bin\java.dll
Event: 0.062 Loaded shared library C:\Program Files\Java\jdk-22\bin\jsvml.dll
Event: 0.163 Loaded shared library C:\Program Files\Java\jdk-22\bin\jimage.dll
Event: 0.171 Loaded shared library C:\Program Files\Java\jdk-22\bin\awt.dll
Event: 0.223 Loaded shared library C:\Program Files\Java\jdk-22\bin\net.dll
Event: 0.225 Loaded shared library C:\Program Files\Java\jdk-22\bin\nio.dll
Event: 0.229 Loaded shared library C:\Program Files\Java\jdk-22\bin\zip.dll
Event: 0.799 Loaded shared library C:\Program Files\Java\jdk-22\bin\freetype.dll
Event: 0.803 Loaded shared library C:\Program Files\Java\jdk-22\bin\fontmanager.dll
Event: 1.174 Loaded shared library C:\Program Files\Java\jdk-22\bin\javajpeg.dll

Deoptimization events (20 events):
Event: 4.650 Thread 0x000001cf4165eec0 Uncommon trap: trap_request=0xffffffbe fr.pc=0x000001cf75120604 relative=0x0000000000006244
Event: 4.650 Thread 0x000001cf4165eec0 Uncommon trap: reason=profile_predicate action=maybe_recompile pc=0x000001cf75120604 method=sun.awt.image.PNGImageDecoder.produceImage()V @ 966 c2
Event: 4.650 Thread 0x000001cf4165eec0 DEOPT PACKING pc=0x000001cf75120604 sp=0x0000009eb55fee90
Event: 4.650 Thread 0x000001cf4165eec0 DEOPT UNPACKING pc=0x000001cf74b446a2 sp=0x0000009eb55fee20 mode 2
Event: 4.750 Thread 0x000001cf4165eec0 Uncommon trap: trap_request=0xffffffbe fr.pc=0x000001cf750fe1c8 relative=0x0000000000002ba8
Event: 4.750 Thread 0x000001cf4165eec0 Uncommon trap: reason=profile_predicate action=maybe_recompile pc=0x000001cf750fe1c8 method=sun.awt.image.ImageRepresentation.convertToRGB()V @ 154 c2
Event: 4.750 Thread 0x000001cf4165eec0 DEOPT PACKING pc=0x000001cf750fe1c8 sp=0x0000009eb55fe080
Event: 4.750 Thread 0x000001cf4165eec0 DEOPT UNPACKING pc=0x000001cf74b446a2 sp=0x0000009eb55fe068 mode 2
Event: 4.877 Thread 0x000001cf4165eec0 Uncommon trap: trap_request=0xffffffbe fr.pc=0x000001cf750fe1c8 relative=0x0000000000002ba8
Event: 4.877 Thread 0x000001cf4165eec0 Uncommon trap: reason=profile_predicate action=maybe_recompile pc=0x000001cf750fe1c8 method=sun.awt.image.ImageRepresentation.convertToRGB()V @ 154 c2
Event: 4.877 Thread 0x000001cf4165eec0 DEOPT PACKING pc=0x000001cf750fe1c8 sp=0x0000009eb55fe080
Event: 4.877 Thread 0x000001cf4165eec0 DEOPT UNPACKING pc=0x000001cf74b446a2 sp=0x0000009eb55fe068 mode 2
Event: 5.019 Thread 0x000001cf4165eec0 Uncommon trap: trap_request=0xffffffbe fr.pc=0x000001cf750fe1c8 relative=0x0000000000002ba8
Event: 5.019 Thread 0x000001cf4165eec0 Uncommon trap: reason=profile_predicate action=maybe_recompile pc=0x000001cf750fe1c8 method=sun.awt.image.ImageRepresentation.convertToRGB()V @ 154 c2
Event: 5.019 Thread 0x000001cf4165eec0 DEOPT PACKING pc=0x000001cf750fe1c8 sp=0x0000009eb55fe080
Event: 5.019 Thread 0x000001cf4165eec0 DEOPT UNPACKING pc=0x000001cf74b446a2 sp=0x0000009eb55fe068 mode 2
Event: 5.847 Thread 0x000001cf4165eec0 Uncommon trap: trap_request=0xffffffbe fr.pc=0x000001cf750fe1c8 relative=0x0000000000002ba8
Event: 5.847 Thread 0x000001cf4165eec0 Uncommon trap: reason=profile_predicate action=maybe_recompile pc=0x000001cf750fe1c8 method=sun.awt.image.ImageRepresentation.convertToRGB()V @ 154 c2
Event: 5.847 Thread 0x000001cf4165eec0 DEOPT PACKING pc=0x000001cf750fe1c8 sp=0x0000009eb55fe080
Event: 5.847 Thread 0x000001cf4165eec0 DEOPT UNPACKING pc=0x000001cf74b446a2 sp=0x0000009eb55fe068 mode 2

Classes loaded (20 events):
Event: 1.239 Loading class javax/swing/plaf/basic/BasicScrollBarUI$ScrollListener
Event: 1.239 Loading class javax/swing/plaf/basic/BasicScrollBarUI$ScrollListener done
Event: 1.242 Loading class javax/swing/JViewport$ViewListener
Event: 1.242 Loading class java/awt/event/ComponentAdapter
Event: 1.242 Loading class java/awt/event/ComponentAdapter done
Event: 1.242 Loading class javax/swing/JViewport$ViewListener done
Event: 1.243 Loading class javax/swing/plaf/metal/MetalScrollPaneUI
Event: 1.245 Loading class javax/swing/plaf/basic/BasicScrollPaneUI
Event: 1.284 Loading class javax/swing/plaf/ScrollPaneUI
Event: 1.284 Loading class javax/swing/plaf/ScrollPaneUI done
Event: 1.284 Loading class javax/swing/plaf/basic/BasicScrollPaneUI done
Event: 1.284 Loading class javax/swing/plaf/metal/MetalScrollPaneUI done
Event: 1.285 Loading class javax/swing/plaf/metal/MetalBorders$ScrollPaneBorder
Event: 1.286 Loading class javax/swing/plaf/metal/MetalBorders$ScrollPaneBorder done
Event: 1.286 Loading class javax/swing/plaf/basic/BasicScrollPaneUI$Handler
Event: 1.287 Loading class javax/swing/plaf/basic/BasicScrollPaneUI$Handler done
Event: 1.288 Loading class javax/swing/plaf/metal/MetalScrollPaneUI$1
Event: 1.288 Loading class javax/swing/plaf/metal/MetalScrollPaneUI$1 done
Event: 7.128 Loading class javax/swing/Timer$1
Event: 7.129 Loading class javax/swing/Timer$1 done

Classes unloaded (0 events):
No events

Classes redefined (0 events):
No events

Internal exceptions (20 events):
Event: 0.192 Thread 0x000001cf63170740 Exception <a 'java/io/FileNotFoundException'{0x00000000c6f0d6e0}> (0x00000000c6f0d6e0) 
thrown [s\open\src\hotspot\share\prims\jni.cpp, line 520]
Event: 0.204 Thread 0x000001cf63170740 Exception <a 'java/io/FileNotFoundException'{0x00000000c6f3b950}> (0x00000000c6f3b950) 
thrown [s\open\src\hotspot\share\prims\jni.cpp, line 520]
Event: 0.428 Thread 0x000001cf415d8a20 Exception <a 'java/lang/NoSuchMethodError'{0x00000000c6d33920}: 'void java.lang.invoke.DirectMethodHandle$Holder.invokeSpecial(java.lang.Object, java.lang.Object, java.lang.Object)'> (0x00000000c6d33920) 
thrown [s\open\src\hotspot\share\interpreter\linkResolver.cpp, line 774]
Event: 0.446 Thread 0x000001cf415d8a20 Exception <a 'java/lang/NoSuchMethodError'{0x00000000c6d59e18}: 'java.lang.Object java.lang.invoke.DirectMethodHandle$Holder.newInvokeSpecial(java.lang.Object, java.lang.Object, java.lang.Object, java.lang.Object, java.lang.Object)'> (0x00000000c6d59e18) 
thrown [s\open\src\hotspot\share\interpreter\linkResolver.cpp, line 774]
Event: 0.456 Thread 0x000001cf415d8a20 Exception <a 'java/lang/NoSuchMethodError'{0x00000000c6d86730}: 'java.lang.Object java.lang.invoke.DirectMethodHandle$Holder.invokeStatic(java.lang.Object, int, java.lang.Object)'> (0x00000000c6d86730) 
thrown [s\open\src\hotspot\share\interpreter\linkResolver.cpp, line 774]
Event: 0.499 Thread 0x000001cf415d8a20 Exception <a 'java/lang/ClassNotFoundException'{0x00000000c6c28c28}: com/sun/swing/internal/plaf/metal/resources/spi/metalProvider> (0x00000000c6c28c28) 
thrown [s\open\src\hotspot\share\classfile\systemDictionary.cpp, line 313]
Event: 0.501 Thread 0x000001cf415d8a20 Exception <a 'java/lang/ClassNotFoundException'{0x00000000c6c2cc58}: com/sun/swing/internal/plaf/basic/resources/spi/basicProvider> (0x00000000c6c2cc58) 
thrown [s\open\src\hotspot\share\classfile\systemDictionary.cpp, line 313]
Event: 0.522 Thread 0x000001cf415d8a20 Exception <a 'java/lang/NoSuchMethodError'{0x00000000c6c4cc48}: 'int java.lang.invoke.Invokers$Holder.invokeExact_MT(java.lang.Object, java.lang.Object)'> (0x00000000c6c4cc48) 
thrown [s\open\src\hotspot\share\interpreter\linkResolver.cpp, line 774]
Event: 0.540 Thread 0x000001cf4165eec0 Exception <a 'java/lang/NoSuchMethodError'{0x00000000c6c9d910}: 'java.lang.Object java.lang.invoke.DirectMethodHandle$Holder.newInvokeSpecial(java.lang.Object, java.lang.Object, java.lang.Object, int, int, int, int, int)'> (0x00000000c6c9d910) 
thrown [s\open\src\hotspot\share\interpreter\linkResolver.cpp, line 774]
Event: 1.018 Thread 0x000001cf415d8a20 Exception <a 'java/lang/NoSuchMethodError'{0x00000000c6ab68c8}: 'void java.lang.invoke.DirectMethodHandle$Holder.invokeStatic(java.lang.Object, java.lang.Object)'> (0x00000000c6ab68c8) 
thrown [s\open\src\hotspot\share\interpreter\linkResolver.cpp, line 774]
Event: 1.030 Thread 0x000001cf46c4d4c0 Exception <a 'java/io/FileNotFoundException'{0x00000000c69084d8}> (0x00000000c69084d8) 
thrown [s\open\src\hotspot\share\prims\jni.cpp, line 520]
Event: 1.035 Thread 0x000001cf415d8a20 Exception <a 'java/lang/NoSuchMethodError'{0x00000000c6ac1b88}: 'void java.lang.invoke.DirectMethodHandle$Holder.invokeSpecial(java.lang.Object, java.lang.Object, java.lang.Object, java.lang.Object, java.lang.Object)'> (0x00000000c6ac1b88) 
thrown [s\open\src\hotspot\share\interpreter\linkResolver.cpp, line 774]
Event: 1.075 Thread 0x000001cf415d8a20 Exception <a 'java/lang/NoSuchMethodError'{0x00000000c695e4a8}: 'java.lang.Object java.lang.invoke.DirectMethodHandle$Holder.newInvokeSpecial(java.lang.Object, java.lang.Object, java.lang.Object, java.lang.Object, java.lang.Object, java.lang.Object, java.lang.Object, java.lang.Object)'> (0x00000000c695e4a8) 
thrown [s\open\src\hotspot\share\interpreter\linkResolver.cpp, line 774]
Event: 1.077 Thread 0x000001cf415d8a20 Exception <a 'java/lang/NoSuchMethodError'{0x00000000c6969c60}: 'java.lang.Object java.lang.invoke.DirectMethodHandle$Holder.newInvokeSpecial(java.lang.Object, java.lang.Object, int, java.lang.Object)'> (0x00000000c6969c60) 
thrown [s\open\src\hotspot\share\interpreter\linkResolver.cpp, line 774]
Event: 1.078 Thread 0x000001cf415d8a20 Exception <a 'java/lang/NoSuchMethodError'{0x00000000c696de98}: 'java.lang.Object java.lang.invoke.DirectMethodHandle$Holder.invokeSpecial(java.lang.Object, java.lang.Object, java.lang.Object, int, java.lang.Object)'> (0x00000000c696de98) 
thrown [s\open\src\hotspot\share\interpreter\linkResolver.cpp, line 774]
Event: 2.089 Thread 0x000001cf4165eec0 Implicit null exception at 0x000001cf750dcbb5 to 0x000001cf750dcd48
Event: 4.527 Thread 0x000001cf46c4d4c0 Implicit null exception at 0x000001cf7511bd17 to 0x000001cf75120594
Event: 4.533 Thread 0x000001cf4165eec0 Implicit null exception at 0x000001cf7511bd17 to 0x000001cf75120594
Event: 4.631 Thread 0x000001cf46c4d4c0 Implicit null exception at 0x000001cf7511bd17 to 0x000001cf75120594
Event: 4.650 Thread 0x000001cf4165eec0 Implicit null exception at 0x000001cf7511bd17 to 0x000001cf75120594

ZGC Phase Switch (0 events):
No events

VM Operations (20 events):
Event: 4.742 Executing VM operation: G1CollectForAllocation (G1 Evacuation Pause) done
Event: 5.751 Executing VM operation: Cleanup
Event: 5.751 Executing VM operation: Cleanup done
Event: 7.069 Executing VM operation: G1CollectForAllocation (G1 Evacuation Pause)
Event: 7.073 Executing VM operation: G1CollectForAllocation (G1 Evacuation Pause) done
Event: 7.223 Executing VM operation: G1TryInitiateConcMark (G1 Humongous Allocation)
Event: 7.225 Executing VM operation: G1TryInitiateConcMark (G1 Humongous Allocation) done
Event: 7.241 Executing VM operation: G1PauseRemark
Event: 7.243 Executing VM operation: G1PauseRemark done
Event: 7.249 Executing VM operation: G1PauseCleanup
Event: 7.249 Executing VM operation: G1PauseCleanup done
Event: 7.815 Executing VM operation: G1CollectForAllocation (G1 Evacuation Pause)
Event: 7.818 Executing VM operation: G1CollectForAllocation (G1 Evacuation Pause) done
Event: 8.824 Executing VM operation: Cleanup
Event: 8.826 Executing VM operation: Cleanup done
Event: 9.793 Executing VM operation: G1CollectForAllocation (G1 Evacuation Pause)
Event: 9.818 Executing VM operation: G1CollectForAllocation (G1 Evacuation Pause) done
Event: 9.906 Executing VM operation: G1TryInitiateConcMark (G1 Humongous Allocation)
Event: 9.919 Executing VM operation: G1TryInitiateConcMark (G1 Humongous Allocation) done
Event: 9.946 Executing VM operation: G1PauseRemark

Memory protections (0 events):
No events

Nmethod flushes (20 events):
Event: 7.242 Thread 0x000001cf6532b0c0 flushing  nmethod 0x000001cf6d6a3390
Event: 7.242 Thread 0x000001cf6532b0c0 flushing  nmethod 0x000001cf6d77cb90
Event: 7.242 Thread 0x000001cf6532b0c0 flushing  nmethod 0x000001cf6d5df310
Event: 7.242 Thread 0x000001cf6532b0c0 flushing  nmethod 0x000001cf6d6af490
Event: 7.242 Thread 0x000001cf6532b0c0 flushing  nmethod 0x000001cf6d75dc10
Event: 7.242 Thread 0x000001cf6532b0c0 flushing  nmethod 0x000001cf6d766810
Event: 7.242 Thread 0x000001cf6532b0c0 flushing osr nmethod 0x000001cf6d788190
Event: 9.950 Thread 0x000001cf6532b0c0 flushing  nmethod 0x000001cf6d6a7510
Event: 9.950 Thread 0x000001cf6532b0c0 flushing  nmethod 0x000001cf75119b10
Event: 9.950 Thread 0x000001cf6532b0c0 flushing  nmethod 0x000001cf6d666d10
Event: 9.950 Thread 0x000001cf6532b0c0 flushing  nmethod 0x000001cf6d697990
Event: 9.950 Thread 0x000001cf6532b0c0 flushing  nmethod 0x000001cf6d69d410
Event: 9.950 Thread 0x000001cf6532b0c0 flushing  nmethod 0x000001cf6d719410
Event: 9.950 Thread 0x000001cf6532b0c0 flushing  nmethod 0x000001cf6d78ac10
Event: 9.950 Thread 0x000001cf6532b0c0 flushing  nmethod 0x000001cf750fb210
Event: 9.950 Thread 0x000001cf6532b0c0 flushing  nmethod 0x000001cf6d6ad310
Event: 9.950 Thread 0x000001cf6532b0c0 flushing  nmethod 0x000001cf6d77d090
Event: 9.950 Thread 0x000001cf6532b0c0 flushing  nmethod 0x000001cf6d77e410
Event: 9.950 Thread 0x000001cf6532b0c0 flushing  nmethod 0x000001cf6d5d4190
Event: 9.950 Thread 0x000001cf6532b0c0 flushing  nmethod 0x000001cf6d690f10

Events (20 events):
Event: 0.039 Thread 0x000001cf63170740 Thread added: 0x000001cf63170740
Event: 0.058 Thread 0x000001cf63170740 Thread added: 0x000001cf41134910
Event: 0.058 Thread 0x000001cf63170740 Thread added: 0x000001cf41137250
Event: 0.059 Thread 0x000001cf63170740 Thread added: 0x000001cf41139eb0
Event: 0.059 Thread 0x000001cf63170740 Thread added: 0x000001cf4113a520
Event: 0.059 Thread 0x000001cf63170740 Thread added: 0x000001cf4113d340
Event: 0.059 Thread 0x000001cf63170740 Thread added: 0x000001cf41144180
Event: 0.059 Thread 0x000001cf63170740 Thread added: 0x000001cf411452c0
Event: 0.059 Thread 0x000001cf63170740 Thread added: 0x000001cf411716e0
Event: 0.113 Thread 0x000001cf63170740 Thread added: 0x000001cf413c9260
Event: 0.118 Thread 0x000001cf63170740 Thread added: 0x000001cf413de140
Event: 0.314 Thread 0x000001cf63170740 Thread added: 0x000001cf415ce9e0
Event: 0.318 Thread 0x000001cf63170740 Thread added: 0x000001cf415d04a0
Event: 0.320 Thread 0x000001cf63170740 Thread added: 0x000001cf415d5750
Event: 0.338 Thread 0x000001cf63170740 Thread added: 0x000001cf415d8a20
Event: 0.338 Thread 0x000001cf63170740 Thread exited: 0x000001cf63170740
Event: 0.338 Thread 0x000001cf63170740 Thread added: 0x000001cf63170740
Event: 0.533 Thread 0x000001cf415d8a20 Thread added: 0x000001cf4165eec0
Event: 1.023 Thread 0x000001cf415d8a20 Thread added: 0x000001cf46c4d4c0
Event: 1.124 Thread 0x000001cf415d8a20 Thread added: 0x000001cf46e5d560


Dynamic libraries:
0x00007ff608a30000 - 0x00007ff608a40000 	C:\Program Files\Java\jdk-22\bin\java.exe
0x00007ff80d950000 - 0x00007ff80db48000 	C:\WINDOWS\SYSTEM32\ntdll.dll
0x00007ff80c7a0000 - 0x00007ff80c862000 	C:\WINDOWS\System32\KERNEL32.DLL
0x00007ff80b4e0000 - 0x00007ff80b7d6000 	C:\WINDOWS\System32\KERNELBASE.dll
0x00007ff80b360000 - 0x00007ff80b460000 	C:\WINDOWS\System32\ucrtbase.dll
0x00007ff805e40000 - 0x00007ff805e57000 	C:\Program Files\Java\jdk-22\bin\jli.dll
0x00007ff803a60000 - 0x00007ff803a7b000 	C:\Program Files\Java\jdk-22\bin\VCRUNTIME140.dll
0x00007ff80bd30000 - 0x00007ff80bed1000 	C:\WINDOWS\System32\USER32.dll
0x00007ff80b940000 - 0x00007ff80b962000 	C:\WINDOWS\System32\win32u.dll
0x00007ff80bf70000 - 0x00007ff80bf9b000 	C:\WINDOWS\System32\GDI32.dll
0x00007ffffb020000 - 0x00007ffffb2bb000 	C:\WINDOWS\WinSxS\amd64_microsoft.windows.common-controls_6595b64144ccf1df_6.0.19041.6456_none_60b8a6cb71f64256\COMCTL32.dll
0x00007ff80b150000 - 0x00007ff80b269000 	C:\WINDOWS\System32\gdi32full.dll
0x00007ff80b2c0000 - 0x00007ff80b35d000 	C:\WINDOWS\System32\msvcp_win.dll
0x00007ff80b980000 - 0x00007ff80ba1e000 	C:\WINDOWS\System32\msvcrt.dll
0x00007ff80c710000 - 0x00007ff80c73f000 	C:\WINDOWS\System32\IMM32.DLL
0x00007ff805e30000 - 0x00007ff805e3c000 	C:\Program Files\Java\jdk-22\bin\vcruntime140_1.dll
0x00007fffdadb0000 - 0x00007fffdae3e000 	C:\Program Files\Java\jdk-22\bin\msvcp140.dll
0x00007fff80380000 - 0x00007fff810c9000 	C:\Program Files\Java\jdk-22\bin\server\jvm.dll
0x00007ff80bc70000 - 0x00007ff80bd21000 	C:\WINDOWS\System32\ADVAPI32.dll
0x00007ff80d510000 - 0x00007ff80d5af000 	C:\WINDOWS\System32\sechost.dll
0x00007ff80ba20000 - 0x00007ff80bb40000 	C:\WINDOWS\System32\RPCRT4.dll
0x00007ff80b070000 - 0x00007ff80b097000 	C:\WINDOWS\System32\bcrypt.dll
0x00007ff80d3c0000 - 0x00007ff80d42b000 	C:\WINDOWS\System32\WS2_32.dll
0x00007ff80ad80000 - 0x00007ff80adcb000 	C:\WINDOWS\SYSTEM32\POWRPROF.dll
0x00007ffffabd0000 - 0x00007ffffabf7000 	C:\WINDOWS\SYSTEM32\WINMM.dll
0x00007ff804b50000 - 0x00007ff804b5a000 	C:\WINDOWS\SYSTEM32\VERSION.dll
0x00007ff80ad00000 - 0x00007ff80ad12000 	C:\WINDOWS\SYSTEM32\UMPDC.dll
0x00007ff808e50000 - 0x00007ff808e62000 	C:\WINDOWS\SYSTEM32\kernel.appcore.dll
0x00007ff8039c0000 - 0x00007ff8039ca000 	C:\Program Files\Java\jdk-22\bin\jimage.dll
0x00007fffee0c0000 - 0x00007fffee2c1000 	C:\WINDOWS\SYSTEM32\DBGHELP.DLL
0x00007fffee480000 - 0x00007fffee4b4000 	C:\WINDOWS\SYSTEM32\dbgcore.DLL
0x00007ff80afe0000 - 0x00007ff80b062000 	C:\WINDOWS\System32\bcryptPrimitives.dll
0x00007ffff1cc0000 - 0x00007ffff1cde000 	C:\Program Files\Java\jdk-22\bin\java.dll
0x00007ff80bfa0000 - 0x00007ff80c710000 	C:\WINDOWS\System32\SHELL32.dll
0x00007ff80d290000 - 0x00007ff80d3bb000 	C:\WINDOWS\System32\ole32.dll
0x00007ff80ca00000 - 0x00007ff80cd54000 	C:\WINDOWS\System32\combase.dll
0x00007ff809050000 - 0x00007ff8097f5000 	C:\WINDOWS\SYSTEM32\windows.storage.dll
0x00007ff80a9a0000 - 0x00007ff80a9cb000 	C:\WINDOWS\SYSTEM32\Wldp.dll
0x00007ff80d430000 - 0x00007ff80d4fd000 	C:\WINDOWS\System32\OLEAUT32.dll
0x00007ff80d780000 - 0x00007ff80d82d000 	C:\WINDOWS\System32\SHCORE.dll
0x00007ff80d230000 - 0x00007ff80d28b000 	C:\WINDOWS\System32\shlwapi.dll
0x00007ff80af10000 - 0x00007ff80af34000 	C:\WINDOWS\SYSTEM32\profapi.dll
0x00007fffda520000 - 0x00007fffda5f7000 	C:\Program Files\Java\jdk-22\bin\jsvml.dll
0x00007fffda080000 - 0x00007fffda20e000 	C:\Program Files\Java\jdk-22\bin\awt.dll
0x00007ff8079c0000 - 0x00007ff807a54000 	C:\WINDOWS\SYSTEM32\apphelp.dll
0x00007fffef280000 - 0x00007fffef290000 	C:\Program Files\Java\jdk-22\bin\net.dll
0x00007ff80a690000 - 0x00007ff80a6fa000 	C:\WINDOWS\system32\mswsock.dll
0x00007fffe2fa0000 - 0x00007fffe2fb6000 	C:\Program Files\Java\jdk-22\bin\nio.dll
0x00007fffdc770000 - 0x00007fffdc787000 	C:\Program Files\Java\jdk-22\bin\zip.dll
0x00007ff808960000 - 0x00007ff8089fe000 	C:\WINDOWS\system32\uxtheme.dll
0x00007ff80bb40000 - 0x00007ff80bc55000 	C:\WINDOWS\System32\MSCTF.dll
0x00007ff808b50000 - 0x00007ff808b7e000 	C:\WINDOWS\system32\DWMAPI.DLL
0x00007ffff5ee0000 - 0x00007ffff6008000 	C:\WINDOWS\system32\opengl32.dll
0x00007ffff5e70000 - 0x00007ffff5e9c000 	C:\WINDOWS\SYSTEM32\GLU32.dll
0x00007fffda6e0000 - 0x00007fffda767000 	C:\Program Files\Java\jdk-22\bin\freetype.dll
0x00007fffda440000 - 0x00007fffda517000 	C:\Program Files\Java\jdk-22\bin\fontmanager.dll
0x00007ff805770000 - 0x00007ff80579e000 	C:\Program Files\Java\jdk-22\bin\javajpeg.dll

dbghelp: loaded successfully - version: 4.0.5 - missing functions: none
symbol engine: initialized successfully - sym options: 0x614 - pdb path: .;C:\Program Files\Java\jdk-22\bin;C:\WINDOWS\SYSTEM32;C:\WINDOWS\WinSxS\amd64_microsoft.windows.common-controls_6595b64144ccf1df_6.0.19041.6456_none_60b8a6cb71f64256;C:\Program Files\Java\jdk-22\bin\server

VM Arguments:
java_command: com.mycompany.menuprodutos.MenuProdutos
java_class_path (initial): D:\aulas carlos\25\Ds\ProjetoDS-Carlos\testprincipal-Projeto-Carlos\PROJETO_BIBLIOTECAv3\Trabalho-DS-main\PROJETO_BIBLIOTECA2\PROJETO_BIBLIOTECA\MenuProdutos\target\classes;C:\Users\Vinicius\.m2\repository\com\sun\mail\jakarta.mail\2.0.1\jakarta.mail-2.0.1.jar;C:\Users\Vinicius\.m2\repository\com\sun\activation\jakarta.activation\2.0.1\jakarta.activation-2.0.1.jar;C:\Users\Vinicius\.m2\repository\jakarta\activation\jakarta.activation-api\2.1.1\jakarta.activation-api-2.1.1.jar;C:\Users\Vinicius\.m2\repository\com\mysql\mysql-connector-j\8.0.33\mysql-connector-j-8.0.33.jar;C:\Users\Vinicius\.m2\repository\com\google\protobuf\protobuf-java\3.21.9\protobuf-java-3.21.9.jar
Launcher Type: SUN_STANDARD

[Global flags]
     intx CICompilerCount                          = 3                                         {product} {ergonomic}
     uint ConcGCThreads                            = 1                                         {product} {ergonomic}
     uint G1ConcRefinementThreads                  = 4                                         {product} {ergonomic}
   size_t G1HeapRegionSize                         = 1048576                                   {product} {ergonomic}
   size_t InitialHeapSize                          = 65011712                                  {product} {ergonomic}
   size_t MarkStackSize                            = 4194304                                   {product} {ergonomic}
   size_t MaxHeapSize                              = 1019215872                                {product} {ergonomic}
   size_t MaxNewSize                               = 611319808                                 {product} {ergonomic}
   size_t MinHeapDeltaBytes                        = 1048576                                   {product} {ergonomic}
   size_t MinHeapSize                              = 8388608                                   {product} {ergonomic}
    uintx NonNMethodCodeHeapSize                   = 5832780                                {pd product} {ergonomic}
    uintx NonProfiledCodeHeapSize                  = 122912730                              {pd product} {ergonomic}
    uintx ProfiledCodeHeapSize                     = 122912730                              {pd product} {ergonomic}
    uintx ReservedCodeCacheSize                    = 251658240                              {pd product} {ergonomic}
     bool SegmentedCodeCache                       = true                                      {product} {ergonomic}
   size_t SoftMaxHeapSize                          = 1019215872                             {manageable} {ergonomic}
     bool UseCompressedOops                        = true                           {product lp64_product} {ergonomic}
     bool UseG1GC                                  = true                                      {product} {ergonomic}
     bool UseLargePagesIndividualAllocation        = false                                  {pd product} {ergonomic}

Logging:
Log output configuration:
 #0: stdout all=warning uptime,level,tags foldmultilines=false
 #1: stderr all=off uptime,level,tags foldmultilines=false

Environment Variables:
JAVA_HOME=C:\Program Files\Java\jdk-22
PATH=C:\Program Files\Common Files\Oracle\Java\javapath;C:\WINDOWS\system32;C:\WINDOWS;C:\WINDOWS\System32\Wbem;C:\WINDOWS\System32\WindowsPowerShell\v1.0\;C:\WINDOWS\System32\OpenSSH\;C:\Program Files\nodejs\;C:\Program Files\Git\cmd;C:\Users\Vinicius\AppData\Local\Microsoft\WindowsApps;C:\Users\Vinicius\AppData\Local\GitHubDesktop\bin;C:\Users\Vinicius\AppData\Local\Programs\Microsoft VS Code\bin;C:\Users\Vinicius\AppData\Roaming\npm;C:\Program Files\nodejs;
USERNAME=Vinicius
OS=Windows_NT
PROCESSOR_IDENTIFIER=Intel64 Family 6 Model 78 Stepping 3, GenuineIntel
TMP=C:\Users\Vinicius\AppData\Local\Temp
TEMP=C:\Users\Vinicius\AppData\Local\Temp




Periodic native trim disabled

---------------  S Y S T E M  ---------------

OS:
 Windows 10 , 64 bit Build 19041 (10.0.19041.5915)
OS uptime: 2 days 3:21 hours

CPU: total 4 (initial active 4) (2 cores per cpu, 2 threads per core) family 6 model 78 stepping 3 microcode 0xcc, cx8, cmov, fxsr, ht, mmx, 3dnowpref, sse, sse2, sse3, ssse3, sse4.1, sse4.2, popcnt, lzcnt, tsc, tscinvbit, avx, avx2, aes, erms, clmul, bmi1, bmi2, adx, fma, vzeroupper, clflush, clflushopt, rdtscp, f16c
Processor Information for all 4 processors :
  Max Mhz: 2000, Current Mhz: 2000, Mhz Limit: 2000

Memory: 4k page, system-wide physical 3882M (14M free)
TotalPageFile size 15657M (AvailPageFile size 46M)
current process WorkingSet (physical memory assigned to process): 192M, peak: 194M
current process commit charge ("private bytes"): 276M, peak: 335M

vm_info: Java HotSpot(TM) 64-Bit Server VM (22.0.2+9-70) for windows-amd64 JRE (22.0.2+9-70), built on 2024-06-04T16:52:23Z by "mach5one" with MS VC++ 17.6 (VS2022)

END.
